
========================================
  Deep Blue 夜间更新 2026-03-18 19:00:01
========================================
[1/2] 开始从 TeleGeography 导入数据...
╔══════════════════════════════════════════╗
║  Deep Blue 完整数据导入 v3               ║
║  修复：使用完整国家代码映射表            ║
╚══════════════════════════════════════════╝

[1/6] 下载海缆列表...
  找到 690 条海缆

[2/6] 下载 GeoJSON 路由数据...
  找到 690 条路由

[3/6] 下载登陆站坐标数据...
  找到 1907 个登陆站坐标

[4/6] 清空旧数据...
  旧数据已清空

[5/6] 逐条获取海缆详情（5-10分钟）...
[countryCodeMap] Unknown country: "Virgin Islands (U.S.)"
  已获取 50 / 690 条...
  已获取 100 / 690 条...
[countryCodeMap] Unknown country: "Virgin Islands (U.K.)"
  已获取 150 / 690 条...
[countryCodeMap] Unknown country: "Virgin Islands (U.K.)"
[countryCodeMap] Unknown country: "Virgin Islands (U.K.)"
  已获取 200 / 690 条...
[countryCodeMap] Unknown country: "Saint Barthélemy"
[countryCodeMap] Unknown country: "Saint Martin"
[countryCodeMap] Unknown country: "Virgin Islands (U.S.)"
  已获取 250 / 690 条...
  已获取 300 / 690 条...
  已获取 350 / 690 条...
  已获取 400 / 690 条...
[countryCodeMap] Unknown country: "Virgin Islands (U.S.)"
  已获取 450 / 690 条...
[countryCodeMap] Unknown country: "British Indian Ocean Territory"
[countryCodeMap] Unknown country: "Virgin Islands (U.K.)"
  已获取 500 / 690 条...
[countryCodeMap] Unknown country: "Virgin Islands (U.S.)"
[countryCodeMap] Unknown country: "Virgin Islands (U.S.)"
[countryCodeMap] Unknown country: "Saint Barthélemy"
  已获取 550 / 690 条...
[countryCodeMap] Unknown country: "Saint Martin"
[countryCodeMap] Unknown country: "Virgin Islands (U.S.)"
[countryCodeMap] Unknown country: "Saint Barthélemy"
[countryCodeMap] Unknown country: "Saint Martin"
[countryCodeMap] Unknown country: "Virgin Islands (U.S.)"
[countryCodeMap] Unknown country: "Virgin Islands (U.S.)"
[countryCodeMap] Unknown country: "Virgin Islands (U.S.)"
[countryCodeMap] Unknown country: "Virgin Islands (U.S.)"
[countryCodeMap] Unknown country: "Virgin Islands (U.S.)"
[countryCodeMap] Unknown country: "Virgin Islands (U.S.)"
[countryCodeMap] Unknown country: "Virgin Islands (U.S.)"
[countryCodeMap] Unknown country: "Virgin Islands (U.S.)"
  已获取 600 / 690 条...
[countryCodeMap] Unknown country: "Virgin Islands (U.S.)"
  已获取 650 / 690 条...
  详情获取完成: 成功 690, 失败 0

  ⚠️  以下国家名称无法识别（已写入 XX，请检查）：
     "Virgin Islands (U.S.)" (station: St. Croix, Virgin Islands, Virgin Islands (U.S.))
     "Virgin Islands (U.K.)" (station: Tortola, Virgin Islands (U.K.))
     "Virgin Islands (U.K.)" (station: Nanny Cay, Virgin Islands (U.K.))
     "Saint Barthélemy" (station: Gustavia, Saint Barthélemy)
     "Saint Martin" (station: Marigot, Saint Martin)
     "British Indian Ocean Territory" (station: Diego Garcia, British Indian Ocean Territory)
     "Virgin Islands (U.S.)" (station: Great Bay, Virgin Islands (U.S.))
     "Virgin Islands (U.S.)" (station: Little Saint James, Virgin Islands (U.S.))
     "Saint Martin" (station: Baie Longue, Saint Martin)
     "Saint Martin" (station: St. Louis, Saint Martin)
     "Virgin Islands (U.S.)" (station: Banana Bay, Virgin Islands (U.S.))
     "Virgin Islands (U.S.)" (station: Brewer's Bay, Virgin Islands (U.S.))
     "Virgin Islands (U.S.)" (station: Christiansted, Virgin Islands (U.S.))
     "Virgin Islands (U.S.)" (station: Flamingo Bay, Virgin Islands (U.S.))
     "Virgin Islands (U.S.)" (station: Frederiksted, Virgin Islands (U.S.))
     "Virgin Islands (U.S.)" (station: Vila Olga, Virgin Islands (U.S.))
     "Virgin Islands (U.S.)" (station: Butler Bay, Virgin Islands (U.S.))

[6/6] 写入数据库...
  写入国家...
  写入 182 个国家
  写入公司...
  写入 496 家公司
  写入登陆站...
  写入 1907 个登陆站
  写入海缆及关联...
  写入 690 条海缆（含关联）

╔══════════════════════════════════════════╗
║  导入完成！                               ║
║  海缆:      690 条                      ║
║  登陆站:   1907 个                      ║
║  公司:      496 家                      ║
║  国家:      182 个                      ║
║  ⚠️ 未识别国家:  17 个（见上方日志）  ║
╚══════════════════════════════════════════╝
[1/2] ✅ 数据导入完成
[2/2] 触发 Vercel 缓存全量刷新...
[2/2] HTTP 状态: 200
[2/2] 响应内容: {"success":true,"type":"full","redisEntriesCleared":1,"pathsRevalidated":["/","/topology","/compare","/simulate"],"timestamp":"2026-03-18T11:26:18.637Z"}
[2/2] ✅ 缓存刷新成功

完成时间: 2026-03-18 19:26:18
